Application/src/app.c:415:13: warning: implicit declaration of function ‘StoreListToEEPROM’ [-Wimplicit-function-declaration]
             StoreListToEEPROM(phoneList);
             ^~~~~~~~~~~~~~~~~
Application/src/app.c:422:9: warning: implicit declaration of function ‘Delete’ [-Wimplicit-function-declaration]
         Delete(phoneNumber, phoneList);
         ^~~~~~
Application/src/app.c: In function ‘printListToLCD’:
Application/src/app.c:441:5: warning: implicit declaration of function ‘PrintList’ [-Wimplicit-function-declaration]
     PrintList(phoneList, CList_address, SList_address);
     ^~~~~~~~~
Application/src/app.c: In function ‘clearLCDDisplay’:
Application/src/app.c:448:51: warning: passing argument 2 of ‘LCD_SendString’ discards ‘const’ qualifier from pointer target type [-Wdiscarded-qualifiers]
         LCD_SendString(CList_address + (128 * i), clear);
                                                   ^~~~~
In file included from Application/src/../inc/app.h:10:0,
                 from Application/src/app.c:1:
./Application/../Service/TopWayLCD_Interface.h:32:6: note: expected ‘u8 * {aka unsigned char *}’ but argument is of type ‘const char *’
 void LCD_SendString(u32 Copy_u32Address , u8 *Copy_u16Str );
      ^~~~~~~~~~~~~~
make: *** [Makefile:65: Application/src/app.o] Error 1
